  Main.cpp
c:\users\ray\downloads\college\c++\cs461 project 2\project1\project1\main.cpp(83): warning C4018: '<': signed/unsigned mismatch
c:\users\ray\downloads\college\c++\cs461 project 2\project1\project1\main.cpp(84): warning C4018: '<': signed/unsigned mismatch
c:\users\ray\downloads\college\c++\cs461 project 2\project1\project1\main.cpp(95): warning C4018: '<': signed/unsigned mismatch
c:\users\ray\downloads\college\c++\cs461 project 2\project1\project1\main.cpp(97): warning C4018: '<': signed/unsigned mismatch
c:\users\ray\downloads\college\c++\cs461 project 2\project1\project1\main.cpp(111): warning C4018: '<': signed/unsigned mismatch
c:\users\ray\downloads\college\c++\cs461 project 2\project1\project1\main.cpp(123): warning C4018: '<': signed/unsigned mismatch
c:\users\ray\downloads\college\c++\cs461 project 2\project1\project1\main.cpp(125): warning C4018: '<': signed/unsigned mismatch
c:\users\ray\downloads\college\c++\cs461 project 2\project1\project1\main.cpp(146): warning C4018: '<': signed/unsigned mismatch
c:\users\ray\downloads\college\c++\cs461 project 2\project1\project1\main.cpp(160): warning C4244: '-=': conversion from 'double' to 'int', possible loss of data
c:\users\ray\downloads\college\c++\cs461 project 2\project1\project1\main.cpp(161): warning C4244: '-=': conversion from 'double' to 'int', possible loss of data
c:\users\ray\downloads\college\c++\cs461 project 2\project1\project1\main.cpp(162): warning C4244: '-=': conversion from 'double' to 'int', possible loss of data
c:\users\ray\downloads\college\c++\cs461 project 2\project1\project1\main.cpp(163): warning C4244: '-=': conversion from 'double' to 'int', possible loss of data
c:\users\ray\downloads\college\c++\cs461 project 2\project1\project1\main.cpp(170): warning C4018: '<': signed/unsigned mismatch
c:\users\ray\downloads\college\c++\cs461 project 2\project1\project1\main.cpp(171): warning C4018: '<': signed/unsigned mismatch
c:\users\ray\downloads\college\c++\cs461 project 2\project1\project1\main.cpp(176): warning C4244: '-=': conversion from 'double' to 'int', possible loss of data
c:\users\ray\downloads\college\c++\cs461 project 2\project1\project1\main.cpp(179): warning C4244: '+=': conversion from 'double' to 'int', possible loss of data
c:\users\ray\downloads\college\c++\cs461 project 2\project1\project1\main.cpp(184): warning C4244: '-=': conversion from 'double' to 'int', possible loss of data
c:\users\ray\downloads\college\c++\cs461 project 2\project1\project1\main.cpp(187): warning C4244: '-=': conversion from 'double' to 'int', possible loss of data
c:\users\ray\downloads\college\c++\cs461 project 2\project1\project1\main.cpp(198): warning C4018: '<': signed/unsigned mismatch
c:\users\ray\downloads\college\c++\cs461 project 2\project1\project1\main.cpp(209): warning C4018: '<': signed/unsigned mismatch
c:\users\ray\downloads\college\c++\cs461 project 2\project1\project1\main.cpp(257): warning C4018: '<': signed/unsigned mismatch
c:\users\ray\downloads\college\c++\cs461 project 2\project1\project1\main.cpp(259): warning C4018: '<': signed/unsigned mismatch
c:\users\ray\downloads\college\c++\cs461 project 2\project1\project1\main.cpp(270): warning C4018: '<': signed/unsigned mismatch
c:\users\ray\downloads\college\c++\cs461 project 2\project1\project1\main.cpp(271): warning C4018: '<': signed/unsigned mismatch
c:\users\ray\downloads\college\c++\cs461 project 2\project1\project1\main.cpp(280): warning C4018: '<': signed/unsigned mismatch
c:\users\ray\downloads\college\c++\cs461 project 2\project1\project1\main.cpp(290): warning C4018: '<': signed/unsigned mismatch
c:\users\ray\downloads\college\c++\cs461 project 2\project1\project1\main.cpp(291): warning C4018: '<': signed/unsigned mismatch
c:\users\ray\downloads\college\c++\cs461 project 2\project1\project1\main.cpp(306): warning C4018: '<': signed/unsigned mismatch
c:\users\ray\downloads\college\c++\cs461 project 2\project1\project1\main.cpp(334): warning C4018: '<': signed/unsigned mismatch
c:\users\ray\downloads\college\c++\cs461 project 2\project1\project1\main.cpp(335): warning C4018: '<': signed/unsigned mismatch
c:\users\ray\downloads\college\c++\cs461 project 2\project1\project1\main.cpp(351): warning C4018: '<': signed/unsigned mismatch
c:\users\ray\downloads\college\c++\cs461 project 2\project1\project1\main.cpp(370): warning C4018: '<': signed/unsigned mismatch
c:\users\ray\downloads\college\c++\cs461 project 2\project1\project1\main.cpp(373): warning C4018: '<': signed/unsigned mismatch
c:\users\ray\downloads\college\c++\cs461 project 2\project1\project1\main.cpp(378): warning C4018: '<': signed/unsigned mismatch
c:\users\ray\downloads\college\c++\cs461 project 2\project1\project1\main.cpp(435): warning C4018: '<': signed/unsigned mismatch
c:\users\ray\downloads\college\c++\cs461 project 2\project1\project1\main.cpp(450): warning C4018: '<': signed/unsigned mismatch
c:\users\ray\downloads\college\c++\cs461 project 2\project1\project1\main.cpp(474): warning C4018: '<': signed/unsigned mismatch
c:\users\ray\downloads\college\c++\cs461 project 2\project1\project1\main.cpp(479): warning C4018: '<': signed/unsigned mismatch
c:\users\ray\downloads\college\c++\cs461 project 2\project1\project1\main.cpp(510): warning C4018: '<': signed/unsigned mismatch
c:\users\ray\downloads\college\c++\cs461 project 2\project1\project1\main.cpp(529): warning C4018: '<': signed/unsigned mismatch
c:\users\ray\downloads\college\c++\cs461 project 2\project1\project1\main.cpp(536): warning C4018: '<': signed/unsigned mismatch
c:\users\ray\downloads\college\c++\cs461 project 2\project1\project1\main.cpp(66): warning C4715: 'Course::Building': not all control paths return a value
c:\users\ray\downloads\college\c++\cs461 project 2\project1\project1\main.cpp(76): warning C4715: 'Course::RoomSize': not all control paths return a value
c:\users\ray\downloads\college\c++\cs461 project 2\project1\project1\main.cpp(365): warning C4715: 'NextGeneration::teacher_randomizer': not all control paths return a value
  Project1.vcxproj -> C:\Users\Ray\Downloads\College\C++\CS461 Project 2\Project1\Debug\Project1.exe
